05-06-2019 17:38:20      Error: GLPi - GetLocations - Error de autenticación con la API de GLPI o Token de Session revocado. Token de session rechazada: oqsdd9prlg5g263bkgbk7asoa5. No tiene permiso para realizar esta acción.
10-06-2019 18:16:12      Error: GLPi - GetLocations - Error de autenticación con la API de GLPI o Token de Session revocado. Token de session rechazada: fbasieniqep8m4ibltt9tjr1m6. No tiene permiso para realizar esta acción.
10-06-2019 18:18:09      Error: GLPi - GetLocations - Error de autenticación con la API de GLPI o Token de Session revocado. Token de session rechazada: e3t4s4uul2vi8ta22a2kqhrmu5. No tiene permiso para realizar esta acción.
10-06-2019 18:18:48      Error: GLPi - GetLocations - Error de autenticación con la API de GLPI o Token de Session revocado. Token de session rechazada: fsu0f8fsh0fs464ab910r7lo85. No tiene permiso para realizar esta acción.
10-06-2019 18:20:49      Error: GLPi - GetLocations - Error de autenticación con la API de GLPI o Token de Session revocado. Token de session rechazada: e7kurb6bdtm4jprg6q880mk0a5. No tiene permiso para realizar esta acción.
16-06-2019 15:13:52      Error: GLPi - Para generar una instancia de módulo se necesita la autorización en formato usuario:clave en formato base64
16-06-2019 15:14:38      Error: GLPi - Para generar una instancia de módulo se necesita la autorización en formato usuario:clave en formato base64
17-06-2019 14:44:16      Error: GLPi - UploadFilesToGLPI - Error subiendo UPLOAD000002.txt con nombre temporal EvaluacionTecnica.txt. Detalle: form-data: ENOENT: no such file or directory, open 'E:\Proyectos\ARI\uploads\EvaluacionTecnica.txt'
17-06-2019 14:44:16      Error: GLPi - UploadFilesToGLPI - Error subiendo UPLOAD000003.txt con nombre temporal FIBERTEL CONTRATACION 27-2-19. Detalle: form-data: ENOENT: no such file or directory, open 'E:\Proyectos\ARI\uploads\FIBERTEL CONTRATACION 27-2-19'
17-06-2019 14:44:16      Error: GLPi - LinkDocumentsToTicket - Esta faltando los ID de documentos a vincular.
17-06-2019 14:44:16      Error: GLPi - Error Linking Document to Ticket - undefined
17-06-2019 14:47:14      Error: GLPi - UploadFilesToGLPI - Error subiendo UPLOAD000004.txt con nombre temporal Cursos de Platzi.txt. Detalle: form-data: ENOENT: no such file or directory, open 'E:\Proyectos\ARI\uploads\Cursos de Platzi.txt'
17-06-2019 14:47:14      Error: GLPi - LinkDocumentsToTicket - Esta faltando los ID de documentos a vincular.
17-06-2019 14:47:14      Error: GLPi - Error Linking Document to Ticket - undefined
17-06-2019 14:48:57      Error: GLPi - LinkDocumentsToTicket - La solicitud hacia la API está incorrectamente armada o fue rechazada: ["ERROR_GLPI_ADD","No tiene permiso para realizar esta acción."]No tiene permiso para realizar esta acción.
17-06-2019 14:51:28      Error: GLPi - UploadFilesToGLPI - Error de autenticación con la API de GLPI o Token de Session revocado. Token de session rechazada: jpanate1ik4klhkin0lb3bj5e0. session_token parece inválida
17-06-2019 14:51:28      Error: GLPi - LinkDocumentsToTicket - Está faltando el token de sesion para poder operar.
17-06-2019 14:51:28      Error: GLPi - Error Linking Document to Ticket - undefined
17-06-2019 14:53:59      Error: GLPi - LinkDocumentsToTicket - La solicitud hacia la API está incorrectamente armada o fue rechazada: ["ERROR_GLPI_ADD","No tiene permiso para realizar esta acción."]No tiene permiso para realizar esta acción.
17-06-2019 15:31:50      Error: GLPi - LinkDocumentsToTicket - Esta faltando los ID de documentos a vincular.
17-06-2019 15:31:50      Error: GLPi - Error Linking Document to Ticket - undefined
17-06-2019 15:34:52      Error: GLPi - LinkDocumentsToTicket - Esta faltando los ID de documentos a vincular.
17-06-2019 15:34:52      Error: GLPi - Error Linking Document to Ticket - undefined
18-06-2019 17:20:59      GetFileBuffersForRequestSend - No se pudo eliminar archivo UPLOAD001!18-06-2019_17-20-21.7z de la ruta ./uploads. Detalle: Error: ENOENT: no such file or directory, unlink 'G:\Proyectos\ari\uploads\UPLOAD001!18-06-2019_17-20-21.7z'
18-06-2019 17:20:59      Error: GLPi - UploadFilesToGLPI - Error subiendo 7ZIP - copia.7z con nombre temporal UPLOAD001!18-06-2019_17-20-21.7z. Detalle: form-data: ENOENT: no such file or directory, open 'G:\Proyectos\ari\uploads\UPLOAD001!18-06-2019_17-20-21.7z'
18-06-2019 17:20:59      Error: GLPi - Error Linking Document to Ticket - undefined
